#
# There is insufficient memory for the Java Runtime Environment to continue.
# Native memory allocation (mmap) failed to map 67108864 bytes for Failed to commit area from 0x00000000c1400000 to 0x00000000c5400000 of length 67108864.
# Possible reasons:
#   The system is out of physical RAM or swap space
#   The process is running with CompressedOops enabled, and the Java Heap may be blocking the growth of the native heap
# Possible solutions:
#   Reduce memory load on the system
#   Increase physical memory or swap space
#   Check if swap backing store is full
#   Decrease Java heap size (-Xmx/-Xms)
#   Decrease number of Java threads
#   Decrease Java thread stack sizes (-Xss)
#   Set larger code cache with -XX:ReservedCodeCacheSize=
# This output file may be truncated or incomplete.
#
#  Out of Memory Error (c:/BuildAgent/work/5ff2f6c26000d570/src/hotspot/os/windows/os_windows.cpp:3281), pid=61104, tid=61160
#
# JRE version:  (11.0.4+10) (build )
# Java VM: OpenJDK 64-Bit Server VM (11.0.4+10-b304.77, mixed mode, aot, sharing, tiered, compressed oops, g1 gc, windows-amd64)
# No core dump will be written. Minidumps are not enabled by default on client versions of Windows
#

---------------  S U M M A R Y ------------

Command Line: org.jetbrains.git4idea.http.GitAskPassApp Username for 'https://github.com': 

Host: Intel(R) Atom(TM) x5-Z8550  CPU @ 1.44GHz, 4 cores, 3G,  Windows 10 , 64 bit Build 18362 (10.0.18362.329)
Time: Wed Oct 30 16:12:36 2019 Mitteleuropäische Zeit elapsed time: 0 seconds (0d 0h 0m 0s)

---------------  T H R E A D  ---------------

Current thread (0x00000152463d1800):  JavaThread "Unknown thread" [_thread_in_vm, id=61160, stack(0x00000029dc900000,0x00000029dca00000)]

Stack: [0x00000029dc900000,0x00000029dca00000]
Native frames: (J=compiled Java code, j=interpreted, Vv=VM code, C=native code)
V  [jvm.dll+0x5db31a]
V  [jvm.dll+0x70c395]
V  [jvm.dll+0x70d8b8]
V  [jvm.dll+0x70df83]
V  [jvm.dll+0x23dbb8]
V  [jvm.dll+0x5d8a74]
V  [jvm.dll+0x5cdb05]
V  [jvm.dll+0x2fa5bb]
V  [jvm.dll+0x2fa52a]
V  [jvm.dll+0x2fa402]
V  [jvm.dll+0x2ff2c6]
V  [jvm.dll+0x347893]
V  [jvm.dll+0x347f96]
V  [jvm.dll+0x347993]
V  [jvm.dll+0x2d4e28]
V  [jvm.dll+0x2d5fd7]
V  [jvm.dll+0x6eb717]
V  [jvm.dll+0x6ecf0c]
V  [jvm.dll+0x354fb9]
V  [jvm.dll+0x6d35be]
V  [jvm.dll+0x3bd673]
V  [jvm.dll+0x3bf9f1]
C  [java.exe+0x3763]
C  [java.exe+0x17a0c]
C  [KERNEL32.DLL+0x17bd4]
C  [ntdll.dll+0x6ced1]


---------------  P R O C E S S  ---------------

Threads class SMR info:
_java_thread_list=0x0000015244335600, length=0, elements={
}

Java Threads: ( => current thread )

Other Threads:
  0x00000152463ea000 GCTaskThread "GC Thread#0" [stack: 0x00000029dca00000,0x00000029dcb00000] [id=61140]
  0x0000015246406800 ConcurrentGCThread "G1 Main Marker" [stack: 0x00000029dcb00000,0x00000029dcc00000] [id=61072]
  0x000001524640a000 ConcurrentGCThread "G1 Conc#0" [stack: 0x00000029dcc00000,0x00000029dcd00000] [id=61116]

[error occurred during error reporting (printing all threads), id 0xc0000005, EXCEPTION_ACCESS_VIOLATION (0xc0000005) at pc=0x00007fff18715727]

VM state:not at safepoint (not fully initialized)

VM Mutex/Monitor currently owned by a thread:  ([mutex/lock_event])
[0x00000152463d02c0] Heap_lock - owner thread: 0x00000152463d1800

Heap address: 0x00000000c1400000, size: 1004 MB, Compressed Oops mode: Non-zero based: 0x00000000c1400000
Narrow klass base: 0x0000000000000000, Narrow klass shift: 0

GC Heap History (0 events):
No events

Deoptimization events (0 events):
No events

Classes redefined (0 events):
No events

Internal exceptions (0 events):
No events

Events (0 events):
No events


Dynamic libraries:
0x00007ff65ac90000 - 0x00007ff65acd7000 	D:\IntelliJ IDEA 2019.2.4\jbr\bin\java.exe
0x00007fff54240000 - 0x00007fff54430000 	C:\WINDOWS\SYSTEM32\ntdll.dll
0x00007fff54140000 - 0x00007fff541f2000 	C:\WINDOWS\System32\KERNEL32.DLL
0x00007fff51aa0000 - 0x00007fff51d43000 	C:\WINDOWS\System32\KERNELBASE.dll
0x00007fff53730000 - 0x00007fff538c4000 	C:\WINDOWS\System32\USER32.dll
0x00007fff51d50000 - 0x00007fff51d71000 	C:\WINDOWS\System32\win32u.dll
0x00007fff538d0000 - 0x00007fff538f6000 	C:\WINDOWS\System32\GDI32.dll
0x00007fff51d80000 - 0x00007fff51f14000 	C:\WINDOWS\System32\gdi32full.dll
0x00007fff51f20000 - 0x00007fff51fbe000 	C:\WINDOWS\System32\msvcp_win.dll
0x00007fff521f0000 - 0x00007fff522ea000 	C:\WINDOWS\System32\ucrtbase.dll
0x00007fff3ab70000 - 0x00007fff3adf5000 	C:\WINDOWS\WinSxS\amd64_microsoft.windows.common-controls_6595b64144ccf1df_6.0.18362.418_none_e6c6b287130d565d\COMCTL32.dll
0x00007fff53200000 - 0x00007fff5329e000 	C:\WINDOWS\System32\msvcrt.dll
0x00007fff533f0000 - 0x00007fff53726000 	C:\WINDOWS\System32\combase.dll
0x00007fff530d0000 - 0x00007fff531f0000 	C:\WINDOWS\System32\RPCRT4.dll
0x00007fff511f0000 - 0x00007fff51270000 	C:\WINDOWS\System32\bcryptPrimitives.dll
0x00007fff532a0000 - 0x00007fff532ce000 	C:\WINDOWS\System32\IMM32.DLL
0x00007fff46da0000 - 0x00007fff46db7000 	D:\IntelliJ IDEA 2019.2.4\jbr\bin\vcruntime140.dll
0x00007fff46770000 - 0x00007fff4680d000 	D:\IntelliJ IDEA 2019.2.4\jbr\bin\msvcp140.dll
0x00007fff18430000 - 0x00007fff18ee8000 	D:\IntelliJ IDEA 2019.2.4\jbr\bin\server\jvm.dll
0x00007fff532d0000 - 0x00007fff53373000 	C:\WINDOWS\System32\ADVAPI32.dll
0x00007fff526d0000 - 0x00007fff52767000 	C:\WINDOWS\System32\sechost.dll
0x00007fff53ac0000 - 0x00007fff53ac8000 	C:\WINDOWS\System32\PSAPI.DLL
0x00007fff49f80000 - 0x00007fff49f89000 	C:\WINDOWS\SYSTEM32\WSOCK32.dll
0x00007fff486f0000 - 0x00007fff486fa000 	C:\WINDOWS\SYSTEM32\VERSION.dll
0x00007fff41dd0000 - 0x00007fff41df4000 	C:\WINDOWS\SYSTEM32\WINMM.dll
0x00007fff52fc0000 - 0x00007fff5302f000 	C:\WINDOWS\System32\WS2_32.dll
0x00007fff3fa00000 - 0x00007fff3fa2d000 	C:\WINDOWS\SYSTEM32\winmmbase.dll
0x00007fff512d0000 - 0x00007fff5131a000 	C:\WINDOWS\System32\cfgmgr32.dll
0x00007fff51190000 - 0x00007fff511a1000 	C:\WINDOWS\System32\kernel.appcore.dll
0x00007fff47c20000 - 0x00007fff47c31000 	D:\IntelliJ IDEA 2019.2.4\jbr\bin\verify.dll
0x00007fff4cc70000 - 0x00007fff4ce64000 	C:\WINDOWS\SYSTEM32\DBGHELP.DLL
0x00007fff49130000 - 0x00007fff4915a000 	C:\WINDOWS\SYSTEM32\dbgcore.DLL
0x00007fff46720000 - 0x00007fff46749000 	D:\IntelliJ IDEA 2019.2.4\jbr\bin\java.dll
0x00007fff47670000 - 0x00007fff47687000 	D:\IntelliJ IDEA 2019.2.4\jbr\bin\zip.dll
0x00007fff4f5d0000 - 0x00007fff4f5db000 	D:\IntelliJ IDEA 2019.2.4\jbr\bin\jimage.dll

dbghelp: loaded successfully - version: 4.0.5 - missing functions: none
symbol engine: initialized successfully - sym options: 0x614 - pdb path: .;D:\IntelliJ IDEA 2019.2.4\jbr\bin;C:\WINDOWS\SYSTEM32;C:\WINDOWS\WinSxS\amd64_microsoft.windows.common-controls_6595b64144ccf1df_6.0.18362.418_none_e6c6b287130d565d;D:\IntelliJ IDEA 2019.2.4\jbr\bin\server

VM Arguments:
java_command: org.jetbrains.git4idea.http.GitAskPassApp Username for 'https://github.com': 
java_class_path (initial): D:/IntelliJ IDEA 2019.2.4/plugins/git4idea/lib/git4idea-rt.jar;D:/IntelliJ IDEA 2019.2.4/lib/xmlrpc-2.0.1.jar;D:/IntelliJ IDEA 2019.2.4/lib/commons-codec-1.13.jar;D:/IntelliJ IDEA 2019.2.4/lib/util.jar
Launcher Type: SUN_STANDARD

[Global flags]
     intx CICompilerCount                          = 3                                         {product} {ergonomic}
     uint ConcGCThreads                            = 1                                         {product} {ergonomic}
     uint G1ConcRefinementThreads                  = 4                                         {product} {ergonomic}
   size_t G1HeapRegionSize                         = 1048576                                   {product} {ergonomic}
    uintx GCDrainStackTargetSize                   = 64                                        {product} {ergonomic}
   size_t InitialHeapSize                          = 67108864                                  {product} {ergonomic}
   size_t MarkStackSize                            = 4194304                                   {product} {ergonomic}
   size_t MaxHeapSize                              = 1052770304                                {product} {ergonomic}
   size_t MinHeapDeltaBytes                        = 1048576                                   {product} {ergonomic}
    uintx NonNMethodCodeHeapSize                   = 5830092                                {pd product} {ergonomic}
    uintx NonProfiledCodeHeapSize                  = 122914074                              {pd product} {ergonomic}
    uintx ProfiledCodeHeapSize                     = 122914074                              {pd product} {ergonomic}
    uintx ReservedCodeCacheSize                    = 251658240                              {pd product} {ergonomic}
     bool SegmentedCodeCache                       = true                                      {product} {ergonomic}
     bool UseCompressedClassPointers               = true                                 {lp64_product} {ergonomic}
     bool UseCompressedOops                        = true                                 {lp64_product} {ergonomic}
     bool UseG1GC                                  = true                                      {product} {ergonomic}
     bool UseLargePagesIndividualAllocation        = false                                  {pd product} {ergonomic}

Logging:
Log output configuration:
 #0: stdout all=warning uptime,level,tags
 #1: stderr all=off uptime,level,tags

Environment Variables:
PATH=C:\Program Files\Git\mingw64\libexec\git-core;C:\Program Files\Git\mingw64\libexec\git-core;C:\Program Files\Git\mingw64\bin;C:\Program Files\Git\usr\bin;C:\Users\nico2\bin;C:\WINDOWS\system32;C:\WINDOWS;C:\WINDOWS\System32\Wbem;C:\WINDOWS\System32\WindowsPowerShell\v1.0;C:\WINDOWS\System32\OpenSSH;C:\Program Files\Microsoft SQL Server\130\Tools\Binn;D:\PDFtk\bin;C:\Program Files\Git\cmd;C:\Users\nico2\AppData\Local\Microsoft\WindowsApps
USERNAME=nico2
DISPLAY=:0.0
OS=Windows_NT
PROCESSOR_IDENTIFIER=Intel64 Family 6 Model 76 Stepping 4, GenuineIntel



---------------  S Y S T E M  ---------------

OS: Windows 10 , 64 bit Build 18362 (10.0.18362.329)

CPU:total 4 (initial active 4) (4 cores per cpu, 1 threads per core) family 6 model 76 stepping 4, cmov, cx8, fxsr, mmx, sse, sse2, sse3, ssse3, sse4.1, sse4.2, popcnt, aes, clmul, erms, 3dnowpref, tsc, tscinvbit

Memory: 4k page, system-wide physical 4010M (326M free)
TotalPageFile size 5007M (AvailPageFile size 45M)
current process WorkingSet (physical memory assigned to process): 9M, peak: 9M
current process commit charge ("private bytes"): 51M, peak: 115M

vm_info: OpenJDK 64-Bit Server VM (11.0.4+10-b304.77) for windows-amd64 JRE (11.0.4+10-b304.77), built on Oct 10 2019 15:02:36 by "" with MS VC++ 14.0 (VS2015)

END.
